2025-09-02 21:29:07,646 - ChatModeration - INFO - User user1 muted for 300 seconds. Reason: Spam detected
2025-09-02 21:29:07,646 - ChatModeration - INFO - User user2 warned. Reason: Profanity detected: ['damn']
2025-09-02 21:29:07,646 - ChatModeration - INFO - User user2 muted for 300 seconds. Reason: Spam detected
2025-09-02 21:29:07,647 - ChatModeration - INFO - User user3 muted for 300 seconds. Reason: Spam detected
2025-09-02 21:29:07,647 - ChatModeration - INFO - User user3 warned. Reason: Excessive caps usage
2025-09-02 21:29:07,647 - ChatModeration - INFO - User user4 muted for 300 seconds. Reason: Spam detected
2025-09-02 21:29:07,647 - ChatModeration - INFO - User user5 muted for 300 seconds. Reason: Spam detected
2025-09-02 21:29:43,218 - ChatModeration - INFO - User user1 muted for 300 seconds. Reason: Spam detected
2025-09-02 21:29:43,218 - ChatModeration - INFO - User user2 warned. Reason: Profanity detected: ['damn']
2025-09-02 21:29:43,218 - ChatModeration - INFO - User user2 muted for 300 seconds. Reason: Spam detected
2025-09-02 21:29:43,218 - ChatModeration - INFO - User user3 muted for 300 seconds. Reason: Spam detected
2025-09-02 21:29:43,218 - ChatModeration - INFO - User user4 muted for 300 seconds. Reason: Manual moderation
2025-09-02 21:29:43,218 - ChatModeration - INFO - Manual action by mod1: mute on user4 - Manual moderation
2025-09-02 21:30:09,096 - ChatModeration - INFO - User user1 muted for 300 seconds. Reason: Spam detected
2025-09-02 21:30:09,096 - ChatModeration - INFO - User user2 warned. Reason: Profanity detected: ['damn']
2025-09-02 21:30:09,096 - ChatModeration - INFO - User user2 muted for 300 seconds. Reason: Spam detected
2025-09-02 21:30:09,096 - ChatModeration - INFO - User user3 muted for 300 seconds. Reason: Spam detected
2025-09-02 21:30:09,096 - ChatModeration - INFO - User user4 muted for 300 seconds. Reason: Spam detected
2025-09-02 21:30:09,096 - ChatModeration - INFO - User user4 warned. Reason: Excessive caps usage
2025-09-02 21:30:09,097 - ChatModeration - INFO - User user5 muted for 300 seconds. Reason: Spam detected
2025-09-02 21:30:44,402 - ChatModeration - INFO - User user2 warned. Reason: Profanity detected: ['damn']
2025-09-02 21:30:44,402 - ChatModeration - INFO - User user4 warned. Reason: Excessive caps usage
2025-09-02 21:31:01,010 - ChatModeration - INFO - Mute expired for user test_user
2025-09-02 21:31:01,010 - ChatModeration - INFO - Ban expired for user test_user
2025-09-02 21:31:01,010 - ChatModeration - INFO - User test_user warned. Reason: Profanity detected: ['damn']
2025-09-02 21:31:01,010 - ChatModeration - INFO - User test_user muted for 300 seconds. Reason: Spam detected
2025-09-02 21:31:01,010 - ChatModeration - INFO - User test_user muted for 300 seconds. Reason: Test mute
2025-09-02 21:31:01,010 - ChatModeration - INFO - User test_user banned for 3600 seconds. Reason: Test ban
2025-09-02 21:31:01,012 - ChatModeration - INFO - Configuration updated successfully
2025-09-02 21:31:01,013 - ChatModeration - INFO - User test_user muted for 300 seconds. Reason: Manual test
2025-09-02 21:31:01,013 - ChatModeration - INFO - Manual action by moderator1: mute on test_user - Manual test
2025-09-02 21:31:01,015 - ChatModeration - INFO - User test_user muted for 300 seconds. Reason: Test
2025-09-02 21:32:31,823 - ChatModeration - INFO - User user2 warned. Reason: Profanity detected: ['damn']
2025-09-02 21:32:31,823 - ChatModeration - INFO - User user3 muted for 300 seconds. Reason: Spam detected
2025-09-02 21:32:31,824 - ChatModeration - INFO - User user4 warned. Reason: Excessive caps usage
